<?xml version="1.0" encoding="UTF-8"?>
<Site BuildName="(empty)"
	BuildStamp="20230517-2347-Experimental"
	Name="(empty)"
	Generator="ctest-3.22.1"
	CompilerName=""
	CompilerVersion=""
	OSName="Linux"
	Hostname="federico-desktop"
	OSRelease="5.19.0-41-generic"
	OSVersion="#42~22.04.1-Ubuntu SMP PREEMPT_DYNAMIC Tue Apr 18 17:40:00 UTC 2"
	OSPlatform="x86_64"
	Is64Bits="1"
	VendorString="AuthenticAMD"
	VendorID="Advanced Micro Devices"
	FamilyID="23"
	ModelID="24"
	ProcessorCacheSize="512"
	NumberOfLogicalCPU="8"
	NumberOfPhysicalCPU="4"
	TotalVirtualMemory="2047"
	TotalPhysicalMemory="15921"
	LogicalProcessorsPerPhysical="2"
	ProcessorClockFrequency="3162.44"
	>
	<Testing>
		<StartDateTime>May 17 20:47 -03</StartDateTime>
		<StartTestTime>1684367264</StartTestTime>
		<TestList/>
		<EndDateTime>May 17 20:47 -03</EndDateTime>
		<EndTestTime>1684367264</EndTestTime>
		<ElapsedMinutes>0</ElapsedMinutes>
	</Testing>
</Site>
